<?xml version="1.0" encoding="UTF-8"?>
<!-- Generated by org.testng.reporters.JUnitReportReporter -->
<testsuite hostname="DESKTOP-MSDE6HG" failures="0" tests="1" name="testPackage.TestClass" time="19.402" errors="0" timestamp="2024-12-17T17:55:31 IST" skipped="0">
  <testcase classname="testPackage.TestClass" name="testSephoraAutomationFlow" time="19.402"/>
</testsuite> <!-- testPackage.TestClass -->
